<?xml version="1.0" encoding="UTF-8"?>
<!-- Generated by org.testng.reporters.JUnitReportReporter -->
<testsuite hostname="LAPTOP-13072GA2" failures="0" tests="1" name="amilLogin.login" time="8.819" errors="0" timestamp="2022-10-01T01:33:05 IST" skipped="0">
  <testcase classname="amilLogin.login" name="amilLogin" time="8.819"/>
  <system-out/>
</testsuite> <!-- amilLogin.login -->
